app/build/outputs/logs/manifest-merger-debug-report.txt
-- Merging decision tree log ---
application
INJECTED from src\main\AndroidManifest.xml:43:5-88:19
MERGED from [us.feras.mdv:markdownview:1.1.0] AndroidManifest.xml:11:5-15:19
MERGED from [us.feras.mdv:markdownview:1.1.0] AndroidManifest.xml:11:5-15:19
	android:supportsRtl
		ADDED from [us.feras.mdv:markdownview:1.1.0] AndroidManifest.xml:14:9-35
	android:label
		INJECTED from src\main\AndroidManifest.xml
		ADDED from src\main\AndroidManifest.xml:46:9-35
		REJECTED from [us.feras.mdv:markdownview:1.1.0] AndroidManifest.xml:13:9-41
	android:icon
		ADDED from src\main\AndroidManifest.xml:45:9-43
	android:allowBackup
		ADDED from src\main\AndroidManifest.xml:44:9-35
	android:theme
		ADDED from src\main\AndroidManifest.xml:47:9-45
	tools:replace
		ADDED from src\main\AndroidManifest.xml:48:9-38
activity-alias#com.farmerbb.notepad.MainActivity
INJECTED from src\main\AndroidManifest.xml:49:9-62:26
	android:label
		INJECTED from src\main\AndroidManifest.xml
		ADDED from src\main\AndroidManifest.xml:52:13-39
	android:targetActivity
		ADDED from src\main\AndroidManifest.xml:51:13-80
	android:name
		ADDED from src\main\AndroidManifest.xml:50:13-61
activity#com.farmerbb.notepad.activity.MainActivity
INJECTED from src\main\AndroidManifest.xml:63:9-67:45
	android:label
		INJECTED from src\main\AndroidManifest.xml
		ADDED from src\main\AndroidManifest.xml:66:13-39
	android:launchMode
		ADDED from src\main\AndroidManifest.xml:67:13-43
	android:exported
		ADDED from src\main\AndroidManifest.xml:65:13-36
	android:name
		ADDED from src\main\AndroidManifest.xml:64:13-70
activity#com.farmerbb.notepad.activity.NoteEditActivity
INJECTED from src\main\AndroidManifest.xml:68:9-82:20
	android:label
		INJECTED from src\main\AndroidManifest.xml
		ADDED from src\main\AndroidManifest.xml:70:13-39
	android:launchMode
		ADDED from src\main\AndroidManifest.xml:71:13-43
	android:name
		ADDED from src\main\AndroidManifest.xml:69:13-74
manifest
ADDED from src\main\AndroidManifest.xml:20:1-90:12
INJECTED from src\main\AndroidManifest.xml:20:1-90:12
INJECTED from src\main\AndroidManifest.xml:20:1-90:12
INJECTED from src\main\AndroidManifest.xml:20:1-90:12
MERGED from [com.android.support:design:27.1.1] AndroidManifest.xml:17:1-22:12
MERGED from [us.feras.mdv:markdownview:1.1.0] AndroidManifest.xml:2:1-17:12
MERGED from [com.android.support:appcompat-v7:27.1.1] AndroidManifest.xml:17:1-22:12
MERGED from [com.android.support:support-v4:27.1.1] AndroidManifest.xml:17:1-22:12
MERGED from [com.android.support:support-fragment:27.1.1] AndroidManifest.xml:17:1-22:12
MERGED from [com.android.support:animated-vector-drawable:27.1.1] AndroidManifest.xml:17:1-22:12
MERGED from [com.android.support:recyclerview-v7:27.1.1] AndroidManifest.xml:17:1-22:12
MERGED from [com.android.support:support-core-ui:27.1.1] AndroidManifest.xml:17:1-22:12
MERGED from [com.android.support:support-core-utils:27.1.1] AndroidManifest.xml:17:1-22:12
MERGED from [com.android.support:support-vector-drawable:27.1.1] AndroidManifest.xml:17:1-22:12
MERGED from [com.android.support:transition:27.1.1] AndroidManifest.xml:17:1-22:12
MERGED from [com.android.support:support-media-compat:27.1.1] AndroidManifest.xml:17:1-22:12
MERGED from [com.android.support:support-compat:27.1.1] AndroidManifest.xml:17:1-22:12
MERGED from [android.arch.lifecycle:livedata-core:1.1.0] AndroidManifest.xml:17:1-22:12
MERGED from [android.arch.lifecycle:viewmodel:1.1.0] AndroidManifest.xml:17:1-22:12
MERGED from [android.arch.lifecycle:runtime:1.1.0] AndroidManifest.xml:17:1-22:12
MERGED from [android.arch.core:runtime:1.1.0] AndroidManifest.xml:17:1-22:12
INJECTED from src\main\AndroidManifest.xml:20:1-90:12
INJECTED from src\main\AndroidManifest.xml:20:1-90:12
INJECTED from src\main\AndroidManifest.xml:20:1-90:12
	package
		ADDED from src\main\AndroidManifest.xml:22:11-41
		INJECTED from src\main\AndroidManifest.xml
		INJECTED from src\main\AndroidManifest.xml
	android:versionName
		INJECTED from src\main\AndroidManifest.xml
		ADDED from src\main\AndroidManifest.xml:20:1-90:12
		INJECTED from src\main\AndroidManifest.xml
	xmlns:tools
		ADDED from src\main\AndroidManifest.xml:21:11-57
	android:versionCode
		INJECTED from src\main\AndroidManifest.xml
		ADDED from src\main\AndroidManifest.xml:20:1-90:12
		INJECTED from src\main\AndroidManifest.xml
	xmlns:android
		ADDED from src\main\AndroidManifest.xml:20:11-69
	android:installLocation
		ADDED from src\main\AndroidManifest.xml:23:11-41
uses-feature#android.hardware.touchscreen
ADDED from src\main\AndroidManifest.xml:25:5-27:36
	android:required
		ADDED from src\main\AndroidManifest.xml:27:9-33
	android:name
		ADDED from src\main\AndroidManifest.xml:26:9-52
uses-feature#android.hardware.type.pc
ADDED from src\main\AndroidManifest.xml:29:5-31:36
	android:required
		ADDED from src\main\AndroidManifest.xml:31:9-33
	android:name
		ADDED from src\main\AndroidManifest.xml:30:9-48
uses-sdk
ADDED from src\main\AndroidManifest.xml:33:5-34:48
INJECTED from src\main\AndroidManifest.xml:33:5-34:48
INJECTED from src\main\AndroidManifest.xml:33:5-34:48
MERGED from [com.android.support:design:27.1.1] AndroidManifest.xml:20:5-44
MERGED from [com.android.support:design:27.1.1] AndroidManifest.xml:20:5-44
MERGED from [us.feras.mdv:markdownview:1.1.0] AndroidManifest.xml:7:5-9:41
MERGED from [us.feras.mdv:markdownview:1.1.0] AndroidManifest.xml:7:5-9:41
MERGED from [com.android.support:appcompat-v7:27.1.1] AndroidManifest.xml:20:5-44
MERGED from [com.android.support:appcompat-v7:27.1.1] AndroidManifest.xml:20:5-44
MERGED from [com.android.support:support-v4:27.1.1] AndroidManifest.xml:20:5-44
MERGED from [com.android.support:support-v4:27.1.1] AndroidManifest.xml:20:5-44
MERGED from [com.android.support:support-fragment:27.1.1] AndroidManifest.xml:20:5-44
MERGED from [com.android.support:support-fragment:27.1.1] AndroidManifest.xml:20:5-44
MERGED from [com.android.support:animated-vector-drawable:27.1.1] AndroidManifest.xml:20:5-44
MERGED from [com.android.support:animated-vector-drawable:27.1.1] AndroidManifest.xml:20:5-44
MERGED from [com.android.support:recyclerview-v7:27.1.1] AndroidManifest.xml:20:5-44
MERGED from [com.android.support:recyclerview-v7:27.1.1] AndroidManifest.xml:20:5-44
MERGED from [com.android.support:support-core-ui:27.1.1] AndroidManifest.xml:20:5-44
MERGED from [com.android.support:support-core-ui:27.1.1] AndroidManifest.xml:20:5-44
MERGED from [com.android.support:support-core-utils:27.1.1] AndroidManifest.xml:20:5-44
MERGED from [com.android.support:support-core-utils:27.1.1] AndroidManifest.xml:20:5-44
MERGED from [com.android.support:support-vector-drawable:27.1.1] AndroidManifest.xml:20:5-44
MERGED from [com.android.support:support-vector-drawable:27.1.1] AndroidManifest.xml:20:5-44
MERGED from [com.android.support:transition:27.1.1] AndroidManifest.xml:20:5-44
MERGED from [com.android.support:transition:27.1.1] AndroidManifest.xml:20:5-44
MERGED from [com.android.support:support-media-compat:27.1.1] AndroidManifest.xml:20:5-44
MERGED from [com.android.support:support-media-compat:27.1.1] AndroidManifest.xml:20:5-44
MERGED from [com.android.support:support-compat:27.1.1] AndroidManifest.xml:20:5-44
MERGED from [com.android.support:support-compat:27.1.1] AndroidManifest.xml:20:5-44
MERGED from [android.arch.lifecycle:livedata-core:1.1.0] AndroidManifest.xml:20:5-44
MERGED from [android.arch.lifecycle:livedata-core:1.1.0] AndroidManifest.xml:20:5-44
MERGED from [android.arch.lifecycle:viewmodel:1.1.0] AndroidManifest.xml:20:5-44
MERGED from [android.arch.lifecycle:viewmodel:1.1.0] AndroidManifest.xml:20:5-44
MERGED from [android.arch.lifecycle:runtime:1.1.0] AndroidManifest.xml:20:5-44
MERGED from [android.arch.lifecycle:runtime:1.1.0] AndroidManifest.xml:20:5-44
MERGED from [android.arch.core:runtime:1.1.0] AndroidManifest.xml:20:5-44
MERGED from [android.arch.core:runtime:1.1.0] AndroidManifest.xml:20:5-44
INJECTED from src\main\AndroidManifest.xml:33:5-34:48
INJECTED from src\main\AndroidManifest.xml:33:5-34:48
	tools:overrideLibrary
		ADDED from src\main\AndroidManifest.xml:34:9-45
	android:targetSdkVersion
		INJECTED from src\main\AndroidManifest.xml
		ADDED from src\main\AndroidManifest.xml:33:5-34:48
		INJECTED from src\main\AndroidManifest.xml
	android:minSdkVersion
		INJECTED from src\main\AndroidManifest.xml
		ADDED from src\main\AndroidManifest.xml:33:5-34:48
		INJECTED from src\main\AndroidManifest.xml
supports-screens
ADDED from src\main\AndroidManifest.xml:36:5-41:40
	android:largeScreens
		ADDED from src\main\AndroidManifest.xml:38:9-36
	android:smallScreens
		ADDED from src\main\AndroidManifest.xml:40:9-36
	android:normalScreens
		ADDED from src\main\AndroidManifest.xml:39:9-37
	android:xlargeScreens
		ADDED from src\main\AndroidManifest.xml:41:9-37
	android:anyDensity
		ADDED from src\main\AndroidManifest.xml:37:9-34
intent-filter#action:name:android.intent.action.MAIN+category:name:android.intent.category.APP_MAPS+category:name:android.intent.category.DEFAULT+category:name:android.intent.category.LAUNCHER
ADDED from src\main\AndroidManifest.xml:53:13-59:29
action#android.intent.action.MAIN
ADDED from src\main\AndroidManifest.xml:54:17-69
	android:name
		ADDED from src\main\AndroidManifest.xml:54:25-66
category#android.intent.category.LAUNCHER
ADDED from src\main\AndroidManifest.xml:56:17-77
	android:name
		ADDED from src\main\AndroidManifest.xml:56:27-74
category#android.intent.category.DEFAULT
ADDED from src\main\AndroidManifest.xml:57:17-76
	android:name
		ADDED from src\main\AndroidManifest.xml:57:27-73
category#android.intent.category.APP_MAPS
ADDED from src\main\AndroidManifest.xml:58:17-77
	android:name
		ADDED from src\main\AndroidManifest.xml:58:27-74
meta-data#android.app.shortcuts
ADDED from src\main\AndroidManifest.xml:60:13-61:53
	android:resource
		ADDED from src\main\AndroidManifest.xml:61:17-50
	android:name
		ADDED from src\main\AndroidManifest.xml:60:24-60
intent-filter#action:name:android.intent.action.EDIT+action:name:android.intent.action.SEND+action:name:com.google.android.gm.action.AUTO_SEND+category:name:android.intent.category.DEFAULT+category:name:com.google.android.voicesearch.SELF_NOTE+data:mimeType:text/plain
ADDED from src\main\AndroidManifest.xml:72:13-81:29
action#android.intent.action.EDIT
ADDED from src\main\AndroidManifest.xml:73:17-69
	android:name
		ADDED from src\main\AndroidManifest.xml:73:25-66
action#android.intent.action.SEND
ADDED from src\main\AndroidManifest.xml:74:17-69
	android:name
		ADDED from src\main\AndroidManifest.xml:74:25-66
action#com.google.android.gm.action.AUTO_SEND
ADDED from src\main\AndroidManifest.xml:75:17-81
	android:name
		ADDED from src\main\AndroidManifest.xml:75:25-78
category#com.google.android.voicesearch.SELF_NOTE
ADDED from src\main\AndroidManifest.xml:78:17-85
	android:name
		ADDED from src\main\AndroidManifest.xml:78:27-82
data
ADDED from src\main\AndroidManifest.xml:80:17-55
	android:mimeType
		ADDED from src\main\AndroidManifest.xml:80:23-52
activity#com.farmerbb.notepad.activity.SettingsActivity
ADDED from src\main\AndroidManifest.xml:83:9-87:20
	android:label
		ADDED from src\main\AndroidManifest.xml:85:13-52
	android:theme
		ADDED from src\main\AndroidManifest.xml:86:13-56
	android:name
		ADDED from src\main\AndroidManifest.xml:84:13-74